<?xml version="1.0" encoding="UTF-8"?>
<!-- Generated by org.testng.reporters.JUnitXMLReporter -->
<testsuite hostname="QTLSYS0-223" ignored="75" name="Test" tests="2" failures="2" timestamp="08 Jan 2020 07:01:01 GMT" time="212.152" errors="0">
  <testcase name="@AfterMethod getResult" time="0.009" classname="tests.QCStore">
    <failure type="org.openqa.selenium.NoSuchWindowException" message="Unable to get browser (WARNING: The server did not provide any stacktrace information)
Command duration or timeout: 0 milliseconds
Build info: version: &amp;apos;3.14.0&amp;apos;, revision: &amp;apos;aacccce0&amp;apos;, time: &amp;apos;2018-08-02T20:19:58.91Z&amp;apos;
System info: host: &amp;apos;QTLSYS0-223&amp;apos;, ip: &amp;apos;192.168.0.223&amp;apos;, os.name: &amp;apos;Windows 10&amp;apos;, os.arch: &amp;apos;amd64&amp;apos;, os.version: &amp;apos;10.0&amp;apos;, java.version: &amp;apos;1.8.0_171&amp;apos;
Driver info: org.openqa.selenium.ie.InternetExplorerDriver
Capabilities {browserAttachTimeout: 0, browserName: internet explorer, cssSelectorsEnabled: true, elementScrollBehavior: 0, enableElementCacheCleanup: true, enablePersistentHover: true, handlesAlerts: true, ie.browserCommandLineSwitches: , ie.ensureCleanSession: false, ie.forceCreateProcessApi: false, ie.usePerProcessProxy: false, ignoreProtectedModeSettings: false, ignoreZoomSetting: false, initialBrowserUrl: http://localhost:42721/, javascriptEnabled: true, nativeEvents: true, platform: WINDOWS, platformName: WINDOWS, requireWindowFocus: false, takesScreenshot: true, unexpectedAlertBehaviour: dismiss, unhandledPromptBehavior: dismiss, version: 11}
Session ID: 4769b2ba-8592-4788-a9fb-b64ea5305233">
      <![CDATA[org.openqa.selenium.NoSuchWindowException: Unable to get browser (WARNING: The server did not provide any stacktrace information)
Command duration or timeout: 0 milliseconds
Build info: version: '3.14.0', revision: 'aacccce0', time: '2018-08-02T20:19:58.91Z'
System info: host: 'QTLSYS0-223', ip: '192.168.0.223', os.name: 'Windows 10', os.arch: 'amd64', os.version: '10.0', java.version: '1.8.0_171'
Driver info: org.openqa.selenium.ie.InternetExplorerDriver
Capabilities {browserAttachTimeout: 0, browserName: internet explorer, cssSelectorsEnabled: true, elementScrollBehavior: 0, enableElementCacheCleanup: true, enablePersistentHover: true, handlesAlerts: true, ie.browserCommandLineSwitches: , ie.ensureCleanSession: false, ie.forceCreateProcessApi: false, ie.usePerProcessProxy: false, ignoreProtectedModeSettings: false, ignoreZoomSetting: false, initialBrowserUrl: http://localhost:42721/, javascriptEnabled: true, nativeEvents: true, platform: WINDOWS, platformName: WINDOWS, requireWindowFocus: false, takesScreenshot: true, unexpectedAlertBehaviour: dismiss, unhandledPromptBehavior: dismiss, version: 11}
Session ID: 4769b2ba-8592-4788-a9fb-b64ea5305233
at org.openqa.selenium.remote.ErrorHandler.createThrowable(ErrorHandler.java:214)
at org.openqa.selenium.remote.ErrorHandler.throwIfResponseFailed(ErrorHandler.java:166)
at org.openqa.selenium.remote.http.JsonHttpResponseCodec.reconstructValue(JsonHttpResponseCodec.java:40)
at org.openqa.selenium.remote.http.AbstractHttpResponseCodec.decode(AbstractHttpResponseCodec.java:80)
at org.openqa.selenium.remote.http.AbstractHttpResponseCodec.decode(AbstractHttpResponseCodec.java:44)
at org.openqa.selenium.remote.HttpCommandExecutor.execute(HttpCommandExecutor.java:158)
at org.openqa.selenium.remote.service.DriverCommandExecutor.execute(DriverCommandExecutor.java:83)
at org.openqa.selenium.remote.RemoteWebDriver.execute(RemoteWebDriver.java:548)
at org.openqa.selenium.remote.RemoteWebDriver.execute(RemoteWebDriver.java:605)
at org.openqa.selenium.remote.RemoteWebDriver.getScreenshotAs(RemoteWebDriver.java:294)
at tests.QCStore.getScreenhot(QCStore.java:4069)
at tests.QCStore.getResult(QCStore.java:4085)
... Removed 32 stack frames]]>
    </failure>
  </testcase> <!-- @AfterMethod getResult -->
  <testcase name="QC_OpenLoan_NewLoan_Txn" time="105.419" classname="tests.QCStore">
    <failure type="org.openqa.selenium.NoSuchElementException" message="Unable to find element with name == Print CIS (WARNING: The server did not provide any stacktrace information)
Command duration or timeout: 0 milliseconds
For documentation on this error, please visit: http://seleniumhq.org/exceptions/no_such_element.html
Build info: version: &amp;apos;3.14.0&amp;apos;, revision: &amp;apos;aacccce0&amp;apos;, time: &amp;apos;2018-08-02T20:19:58.91Z&amp;apos;
System info: host: &amp;apos;QTLSYS0-223&amp;apos;, ip: &amp;apos;192.168.0.223&amp;apos;, os.name: &amp;apos;Windows 10&amp;apos;, os.arch: &amp;apos;amd64&amp;apos;, os.version: &amp;apos;10.0&amp;apos;, java.version: &amp;apos;1.8.0_171&amp;apos;
Driver info: org.openqa.selenium.ie.InternetExplorerDriver
Capabilities {browserAttachTimeout: 0, browserName: internet explorer, cssSelectorsEnabled: true, elementScrollBehavior: 0, enableElementCacheCleanup: true, enablePersistentHover: true, handlesAlerts: true, ie.browserCommandLineSwitches: , ie.ensureCleanSession: false, ie.forceCreateProcessApi: false, ie.usePerProcessProxy: false, ignoreProtectedModeSettings: false, ignoreZoomSetting: false, initialBrowserUrl: http://localhost:42721/, javascriptEnabled: true, nativeEvents: true, platform: WINDOWS, platformName: WINDOWS, requireWindowFocus: false, takesScreenshot: true, unexpectedAlertBehaviour: dismiss, unhandledPromptBehavior: dismiss, version: 11}
Session ID: 4769b2ba-8592-4788-a9fb-b64ea5305233
*** Element info: {Using=name, value=Print CIS}">
      <![CDATA[org.openqa.selenium.NoSuchElementException: Unable to find element with name == Print CIS (WARNING: The server did not provide any stacktrace information)
Command duration or timeout: 0 milliseconds
For documentation on this error, please visit: http://seleniumhq.org/exceptions/no_such_element.html
Build info: version: '3.14.0', revision: 'aacccce0', time: '2018-08-02T20:19:58.91Z'
System info: host: 'QTLSYS0-223', ip: '192.168.0.223', os.name: 'Windows 10', os.arch: 'amd64', os.version: '10.0', java.version: '1.8.0_171'
Driver info: org.openqa.selenium.ie.InternetExplorerDriver
Capabilities {browserAttachTimeout: 0, browserName: internet explorer, cssSelectorsEnabled: true, elementScrollBehavior: 0, enableElementCacheCleanup: true, enablePersistentHover: true, handlesAlerts: true, ie.browserCommandLineSwitches: , ie.ensureCleanSession: false, ie.forceCreateProcessApi: false, ie.usePerProcessProxy: false, ignoreProtectedModeSettings: false, ignoreZoomSetting: false, initialBrowserUrl: http://localhost:42721/, javascriptEnabled: true, nativeEvents: true, platform: WINDOWS, platformName: WINDOWS, requireWindowFocus: false, takesScreenshot: true, unexpectedAlertBehaviour: dismiss, unhandledPromptBehavior: dismiss, version: 11}
Session ID: 4769b2ba-8592-4788-a9fb-b64ea5305233
*** Element info: {Using=name, value=Print CIS}
at org.openqa.selenium.remote.ErrorHandler.createThrowable(ErrorHandler.java:214)
at org.openqa.selenium.remote.ErrorHandler.throwIfResponseFailed(ErrorHandler.java:166)
at org.openqa.selenium.remote.http.JsonHttpResponseCodec.reconstructValue(JsonHttpResponseCodec.java:40)
at org.openqa.selenium.remote.http.AbstractHttpResponseCodec.decode(AbstractHttpResponseCodec.java:80)
at org.openqa.selenium.remote.http.AbstractHttpResponseCodec.decode(AbstractHttpResponseCodec.java:44)
at org.openqa.selenium.remote.HttpCommandExecutor.execute(HttpCommandExecutor.java:158)
at org.openqa.selenium.remote.service.DriverCommandExecutor.execute(DriverCommandExecutor.java:83)
at org.openqa.selenium.remote.RemoteWebDriver.execute(RemoteWebDriver.java:548)
at org.openqa.selenium.remote.RemoteWebDriver.findElement(RemoteWebDriver.java:322)
at org.openqa.selenium.remote.RemoteWebDriver.findElementByName(RemoteWebDriver.java:400)
at org.openqa.selenium.By$ByName.findElement(By.java:284)
at org.openqa.selenium.remote.RemoteWebDriver.findElement(RemoteWebDriver.java:314)
at tests.ACSRBorrowerRegistration.borrowerReg(ACSRBorrowerRegistration.java:430)
at tests.QCStore.QC_OpenLoan_NewLoan_Txn(QCStore.java:224)
... Removed 29 stack frames]]>
    </failure>
  </testcase> <!-- QC_OpenLoan_NewLoan_Txn -->
  <testcase name="QC_NewLoan_Void_Txn" time="103.613" classname="tests.QCStore">
    <failure type="org.openqa.selenium.NoSuchElementException" message="Unable to find element with name == Print CIS (WARNING: The server did not provide any stacktrace information)
Command duration or timeout: 0 milliseconds
For documentation on this error, please visit: http://seleniumhq.org/exceptions/no_such_element.html
Build info: version: &amp;apos;3.14.0&amp;apos;, revision: &amp;apos;aacccce0&amp;apos;, time: &amp;apos;2018-08-02T20:19:58.91Z&amp;apos;
System info: host: &amp;apos;QTLSYS0-223&amp;apos;, ip: &amp;apos;192.168.0.223&amp;apos;, os.name: &amp;apos;Windows 10&amp;apos;, os.arch: &amp;apos;amd64&amp;apos;, os.version: &amp;apos;10.0&amp;apos;, java.version: &amp;apos;1.8.0_171&amp;apos;
Driver info: org.openqa.selenium.ie.InternetExplorerDriver
Capabilities {browserAttachTimeout: 0, browserName: internet explorer, cssSelectorsEnabled: true, elementScrollBehavior: 0, enableElementCacheCleanup: true, enablePersistentHover: true, handlesAlerts: true, ie.browserCommandLineSwitches: , ie.ensureCleanSession: false, ie.forceCreateProcessApi: false, ie.usePerProcessProxy: false, ignoreProtectedModeSettings: false, ignoreZoomSetting: false, initialBrowserUrl: http://localhost:37899/, javascriptEnabled: true, nativeEvents: true, platform: WINDOWS, platformName: WINDOWS, requireWindowFocus: false, takesScreenshot: true, unexpectedAlertBehaviour: dismiss, unhandledPromptBehavior: dismiss, version: 11}
Session ID: e082a9ec-2447-4457-b6b9-565f78c04574
*** Element info: {Using=name, value=Print CIS}">
      <![CDATA[org.openqa.selenium.NoSuchElementException: Unable to find element with name == Print CIS (WARNING: The server did not provide any stacktrace information)
Command duration or timeout: 0 milliseconds
For documentation on this error, please visit: http://seleniumhq.org/exceptions/no_such_element.html
Build info: version: '3.14.0', revision: 'aacccce0', time: '2018-08-02T20:19:58.91Z'
System info: host: 'QTLSYS0-223', ip: '192.168.0.223', os.name: 'Windows 10', os.arch: 'amd64', os.version: '10.0', java.version: '1.8.0_171'
Driver info: org.openqa.selenium.ie.InternetExplorerDriver
Capabilities {browserAttachTimeout: 0, browserName: internet explorer, cssSelectorsEnabled: true, elementScrollBehavior: 0, enableElementCacheCleanup: true, enablePersistentHover: true, handlesAlerts: true, ie.browserCommandLineSwitches: , ie.ensureCleanSession: false, ie.forceCreateProcessApi: false, ie.usePerProcessProxy: false, ignoreProtectedModeSettings: false, ignoreZoomSetting: false, initialBrowserUrl: http://localhost:37899/, javascriptEnabled: true, nativeEvents: true, platform: WINDOWS, platformName: WINDOWS, requireWindowFocus: false, takesScreenshot: true, unexpectedAlertBehaviour: dismiss, unhandledPromptBehavior: dismiss, version: 11}
Session ID: e082a9ec-2447-4457-b6b9-565f78c04574
*** Element info: {Using=name, value=Print CIS}
at org.openqa.selenium.remote.ErrorHandler.createThrowable(ErrorHandler.java:214)
at org.openqa.selenium.remote.ErrorHandler.throwIfResponseFailed(ErrorHandler.java:166)
at org.openqa.selenium.remote.http.JsonHttpResponseCodec.reconstructValue(JsonHttpResponseCodec.java:40)
at org.openqa.selenium.remote.http.AbstractHttpResponseCodec.decode(AbstractHttpResponseCodec.java:80)
at org.openqa.selenium.remote.http.AbstractHttpResponseCodec.decode(AbstractHttpResponseCodec.java:44)
at org.openqa.selenium.remote.HttpCommandExecutor.execute(HttpCommandExecutor.java:158)
at org.openqa.selenium.remote.service.DriverCommandExecutor.execute(DriverCommandExecutor.java:83)
at org.openqa.selenium.remote.RemoteWebDriver.execute(RemoteWebDriver.java:548)
at org.openqa.selenium.remote.RemoteWebDriver.findElement(RemoteWebDriver.java:322)
at org.openqa.selenium.remote.RemoteWebDriver.findElementByName(RemoteWebDriver.java:400)
at org.openqa.selenium.By$ByName.findElement(By.java:284)
at org.openqa.selenium.remote.RemoteWebDriver.findElement(RemoteWebDriver.java:314)
at tests.ACSRBorrowerRegistration.borrowerReg(ACSRBorrowerRegistration.java:430)
at tests.QCStore.QC_NewLoan_Void_Txn(QCStore.java:263)
... Removed 29 stack frames]]>
    </failure>
  </testcase> <!-- QC_NewLoan_Void_Txn -->
  <testcase name="JQC_AgeStore_Refinance_Rescind_Txn" time="0.0" classname="tests.QCStore">
    <ignored/>
  </testcase> <!-- JQC_AgeStore_Refinance_Rescind_Txn -->
  <testcase name="middayDeposit" time="0.0" classname="tests.QCStore">
    <ignored/>
  </testcase> <!-- middayDeposit -->
  <testcase name="QC_Epp_Check_Deposit_Clear_Txn" time="0.0" classname="tests.QCStore">
    <ignored/>
  </testcase> <!-- QC_Epp_Check_Deposit_Clear_Txn -->
  <testcase name="Achdeposit" time="0.0" classname="tests.QCStore">
    <ignored/>
  </testcase> <!-- Achdeposit -->
  <testcase name="QC_Refinance_StepDownURP_Txn" time="0.0" classname="tests.QCStore">
    <ignored/>
  </testcase> <!-- QC_Refinance_StepDownURP_Txn -->
  <testcase name="JQC_NewLoan_Veritec_Txn" time="0.0" classname="tests.QCStore">
    <ignored/>
  </testcase> <!-- JQC_NewLoan_Veritec_Txn -->
  <testcase name="QC_Deposit_Menu_Txn" time="0.0" classname="tests.QCStore">
    <ignored/>
  </testcase> <!-- QC_Deposit_Menu_Txn -->
  <testcase name="JQC_AgeStore_Deposit_Return_Refinance_Void_Txn" time="0.0" classname="tests.QCStore">
    <ignored/>
  </testcase> <!-- JQC_AgeStore_Deposit_Return_Refinance_Void_Txn -->
  <testcase name="JQC_AgeStore_DCDeposit_Menu_Txn" time="0.0" classname="tests.QCStore">
    <ignored/>
  </testcase> <!-- JQC_AgeStore_DCDeposit_Menu_Txn -->
  <testcase name="QC_RefinanceStepDown_Txn" time="0.0" classname="tests.QCStore">
    <ignored/>
  </testcase> <!-- QC_RefinanceStepDown_Txn -->
  <testcase name="QC_PartialPayment_RefundVoid_Txn" time="0.0" classname="tests.QCStore">
    <ignored/>
  </testcase> <!-- QC_PartialPayment_RefundVoid_Txn -->
  <testcase name="QC_Epp_PrePayment_Return_Txn" time="0.0" classname="tests.QCStore">
    <ignored/>
  </testcase> <!-- QC_Epp_PrePayment_Return_Txn -->
  <testcase name="JQC_AgeStore_Deposit_Return_Refinance_Txn" time="0.0" classname="tests.QCStore">
    <ignored/>
  </testcase> <!-- JQC_AgeStore_Deposit_Return_Refinance_Txn -->
  <testcase name="rescindloan" time="0.0" classname="tests.QCStore">
    <ignored/>
  </testcase> <!-- rescindloan -->
  <testcase name="QC_Epp_Deposit_Void_Txn" time="0.0" classname="tests.QCStore">
    <ignored/>
  </testcase> <!-- QC_Epp_Deposit_Void_Txn -->
  <testcase name="QC_Refinance_StepSameURP_Txn" time="0.0" classname="tests.QCStore">
    <ignored/>
  </testcase> <!-- QC_Refinance_StepSameURP_Txn -->
  <testcase name="JQC_AgeStore_NSFPosting_Refinance_Rescind_Txn" time="0.0" classname="tests.QCStore">
    <ignored/>
  </testcase> <!-- JQC_AgeStore_NSFPosting_Refinance_Rescind_Txn -->
  <testcase name="JQC_AgeStore_GraceDays_DCDeposit_Menu_Txn" time="0.0" classname="tests.QCStore">
    <ignored/>
  </testcase> <!-- JQC_AgeStore_GraceDays_DCDeposit_Menu_Txn -->
  <testcase name="QC_NewLoan_Promotion_Txn" time="0.0" classname="tests.QCStore">
    <ignored/>
  </testcase> <!-- QC_NewLoan_Promotion_Txn -->
  <testcase name="JQC_AgeStore_DCDeposit_Txn" time="0.0" classname="tests.QCStore">
    <ignored/>
  </testcase> <!-- JQC_AgeStore_DCDeposit_Txn -->
  <testcase name="JQC_EPP_AgestoreInstallmentwise_EPPPayment_Txn_Testdata" time="0.0" classname="tests.QCStore">
    <ignored/>
  </testcase> <!-- JQC_EPP_AgestoreInstallmentwise_EPPPayment_Txn_Testdata -->
  <testcase name="QC_Epp_Return_NSFPayment_Txn" time="0.0" classname="tests.QCStore">
    <ignored/>
  </testcase> <!-- QC_Epp_Return_NSFPayment_Txn -->
  <testcase name="QC_Deposit_GraceDays_Txn" time="0.0" classname="tests.QCStore">
    <ignored/>
  </testcase> <!-- QC_Deposit_GraceDays_Txn -->
  <testcase name="QC_GraceDays_EODDeposit_Txn" time="0.0" classname="tests.QCStore">
    <ignored/>
  </testcase> <!-- QC_GraceDays_EODDeposit_Txn -->
  <testcase name="QC_Epp_PrePayment_Txn" time="0.0" classname="tests.QCStore">
    <ignored/>
  </testcase> <!-- QC_Epp_PrePayment_Txn -->
  <testcase name="borrowregNewloan" time="0.0" classname="tests.QCStore">
    <ignored/>
  </testcase> <!-- borrowregNewloan -->
  <testcase name="JQC_BuyBack_Txn_Testdata" time="0.0" classname="tests.QCStore">
    <ignored/>
  </testcase> <!-- JQC_BuyBack_Txn_Testdata -->
  <testcase name="AQC_EPP_Redeposit" time="0.0" classname="tests.QCStore">
    <ignored/>
  </testcase> <!-- AQC_EPP_Redeposit -->
  <testcase name="JQC_AgeStore_Deposit_ClearMenu_Txn" time="0.0" classname="tests.QCStore">
    <ignored/>
  </testcase> <!-- JQC_AgeStore_Deposit_ClearMenu_Txn -->
  <testcase name="QC_EOD_Deposit_Txn" time="0.0" classname="tests.QCStore">
    <ignored/>
  </testcase> <!-- QC_EOD_Deposit_Txn -->
  <testcase name="JQC_Deposit_Return_EPP_Txn_Testdata" time="0.0" classname="tests.QCStore">
    <ignored/>
  </testcase> <!-- JQC_Deposit_Return_EPP_Txn_Testdata -->
  <testcase name="JQC_BuyBack_Void_Txn_Testdata" time="0.0" classname="tests.QCStore">
    <ignored/>
  </testcase> <!-- JQC_BuyBack_Void_Txn_Testdata -->
  <testcase name="RefinanceStepSameVoid" time="0.0" classname="tests.QCStore">
    <ignored/>
  </testcase> <!-- RefinanceStepSameVoid -->
  <testcase name="AQC_EPP_refund" time="0.0" classname="tests.QCStore">
    <ignored/>
  </testcase> <!-- AQC_EPP_refund -->
  <testcase name="AQC_EPP_clear" time="0.0" classname="tests.QCStore">
    <ignored/>
  </testcase> <!-- AQC_EPP_clear -->
  <testcase name="QC_RefinanceStepDown_Void_Txn" time="0.0" classname="tests.QCStore">
    <ignored/>
  </testcase> <!-- QC_RefinanceStepDown_Void_Txn -->
  <testcase name="JQC_AgeStore_PrePayment_Return_Txn" time="0.0" classname="tests.QCStore">
    <ignored/>
  </testcase> <!-- JQC_AgeStore_PrePayment_Return_Txn -->
  <testcase name="JQC_BuyBack_Rebate_Void_Txn_Testdata" time="0.0" classname="tests.QCStore">
    <ignored/>
  </testcase> <!-- JQC_BuyBack_Rebate_Void_Txn_Testdata -->
  <testcase name="AQC_EPP_nsfPayment" time="0.0" classname="tests.QCStore">
    <ignored/>
  </testcase> <!-- AQC_EPP_nsfPayment -->
  <testcase name="GracedaysDepositMenu" time="0.0" classname="tests.QCStore">
    <ignored/>
  </testcase> <!-- GracedaysDepositMenu -->
  <testcase name="QC_AgeStore_Void_Txn" time="0.0" classname="tests.QCStore">
    <ignored/>
  </testcase> <!-- QC_AgeStore_Void_Txn -->
  <testcase name="AQC_EPPDeposit" time="0.0" classname="tests.QCStore">
    <ignored/>
  </testcase> <!-- AQC_EPPDeposit -->
  <testcase name="JQC_AgeStore_Deposit_AutoClear_Txn" time="0.0" classname="tests.QCStore">
    <ignored/>
  </testcase> <!-- JQC_AgeStore_Deposit_AutoClear_Txn -->
  <testcase name="JQC_AgeStore_PrePayment_Clear_Txn" time="0.0" classname="tests.QCStore">
    <ignored/>
  </testcase> <!-- JQC_AgeStore_PrePayment_Clear_Txn -->
  <testcase name="JQC_ChkDeposit_RtnChk_ReDeposit_Payment_Void_Clear_Txn_Testdata" time="0.0" classname="tests.QCStore">
    <ignored/>
  </testcase> <!-- JQC_ChkDeposit_RtnChk_ReDeposit_Payment_Void_Clear_Txn_Testdata -->
  <testcase name="GracedaysMiddayDeposit" time="0.0" classname="tests.QCStore">
    <ignored/>
  </testcase> <!-- GracedaysMiddayDeposit -->
  <testcase name="AQC_EPP_Prepayment" time="0.0" classname="tests.QCStore">
    <ignored/>
  </testcase> <!-- AQC_EPP_Prepayment -->
  <testcase name="JQC_ACH_PartialWORecovery_FullWORecovery_Void_Txn_Testdata" time="0.0" classname="tests.QCStore">
    <ignored/>
  </testcase> <!-- JQC_ACH_PartialWORecovery_FullWORecovery_Void_Txn_Testdata -->
  <testcase name="QC_EppDepositClear_Refund_Txn" time="0.0" classname="tests.QCStore">
    <ignored/>
  </testcase> <!-- QC_EppDepositClear_Refund_Txn -->
  <testcase name="JQC_AgeStore_GraceDays_DCDeposit_Dropdown_Txn" time="0.0" classname="tests.QCStore">
    <ignored/>
  </testcase> <!-- JQC_AgeStore_GraceDays_DCDeposit_Dropdown_Txn -->
  <testcase name="maxloanCount" time="0.0" classname="tests.QCStore">
    <ignored/>
  </testcase> <!-- maxloanCount -->
  <testcase name="RefinanceStepup" time="0.0" classname="tests.QCStore">
    <ignored/>
  </testcase> <!-- RefinanceStepup -->
  <testcase name="QC_FutureDeposit_DropDown" time="0.0" classname="tests.QCStore">
    <ignored/>
  </testcase> <!-- QC_FutureDeposit_DropDown -->
  <testcase name="rebateStepup" time="0.0" classname="tests.QCStore">
    <ignored/>
  </testcase> <!-- rebateStepup -->
  <testcase name="QC_Refinance_StepSameVoidURP_Txn" time="0.0" classname="tests.QCStore">
    <ignored/>
  </testcase> <!-- QC_Refinance_StepSameVoidURP_Txn -->
  <testcase name="JQC_EPP_Txn_Testdata" time="0.0" classname="tests.QCStore">
    <ignored/>
  </testcase> <!-- JQC_EPP_Txn_Testdata -->
  <testcase name="JQC_AgeStore_Deposit_PrePayment_Void_Txn" time="0.0" classname="tests.QCStore">
    <ignored/>
  </testcase> <!-- JQC_AgeStore_Deposit_PrePayment_Void_Txn -->
  <testcase name="QC_Epp_Return_ReDeposit_Txn" time="0.0" classname="tests.QCStore">
    <ignored/>
  </testcase> <!-- QC_Epp_Return_ReDeposit_Txn -->
  <testcase name="futureMidayDeposit" time="0.0" classname="tests.QCStore">
    <ignored/>
  </testcase> <!-- futureMidayDeposit -->
  <testcase name="AQC_EPP_Return" time="0.0" classname="tests.QCStore">
    <ignored/>
  </testcase> <!-- AQC_EPP_Return -->
  <testcase name="RefinanceStepupVoid" time="0.0" classname="tests.QCStore">
    <ignored/>
  </testcase> <!-- RefinanceStepupVoid -->
  <testcase name="inactiveNewloan" time="0.0" classname="tests.QCStore">
    <ignored/>
  </testcase> <!-- inactiveNewloan -->
  <testcase name="JQC_AgeStore_ACHReturn_Refinance_Rescind_Txn" time="0.0" classname="tests.QCStore">
    <ignored/>
  </testcase> <!-- JQC_AgeStore_ACHReturn_Refinance_Rescind_Txn -->
  <testcase name="JQC_PartialWORecovery_FullWORecovery_Void_Txn_Testdata" time="0.0" classname="tests.QCStore">
    <ignored/>
  </testcase> <!-- JQC_PartialWORecovery_FullWORecovery_Void_Txn_Testdata -->
  <testcase name="JQC_BuyBack_Rebate_Txn_Testdata" time="0.0" classname="tests.QCStore">
    <ignored/>
  </testcase> <!-- JQC_BuyBack_Rebate_Txn_Testdata -->
  <testcase name="rebateStepupVoid" time="0.0" classname="tests.QCStore">
    <ignored/>
  </testcase> <!-- rebateStepupVoid -->
  <testcase name="QC_FutureDeposit_EOD_Txn" time="0.0" classname="tests.QCStore">
    <ignored/>
  </testcase> <!-- QC_FutureDeposit_EOD_Txn -->
  <testcase name="QC_Refinance_StepDownVoidURP_Txn" time="0.0" classname="tests.QCStore">
    <ignored/>
  </testcase> <!-- QC_Refinance_StepDownVoidURP_Txn -->
  <testcase name="agerescindtest" time="0.0" classname="tests.QCStore">
    <ignored/>
  </testcase> <!-- agerescindtest -->
  <testcase name="JQC_Return_ReDeposit_Clear_Txn" time="0.0" classname="tests.QCStore">
    <ignored/>
  </testcase> <!-- JQC_Return_ReDeposit_Clear_Txn -->
  <testcase name="JQC_AgeStore_Deposit_ClearDropdown_Txn" time="0.0" classname="tests.QCStore">
    <ignored/>
  </testcase> <!-- JQC_AgeStore_Deposit_ClearDropdown_Txn -->
  <testcase name="QC_Void_FullReturnPayment_Txn" time="0.0" classname="tests.QCStore">
    <ignored/>
  </testcase> <!-- QC_Void_FullReturnPayment_Txn -->
  <testcase name="RefinanceStepSame" time="0.0" classname="tests.QCStore">
    <ignored/>
  </testcase> <!-- RefinanceStepSame -->
  <testcase name="JQC_AgeStore_Deposit_PrePayment_Txn" time="0.0" classname="tests.QCStore">
    <ignored/>
  </testcase> <!-- JQC_AgeStore_Deposit_PrePayment_Txn -->
  <testcase name="JQC_AgeStore_Redeposit_Prepayment_Void_Prepayment_Return_Txn" time="0.0" classname="tests.QCStore">
    <ignored/>
  </testcase> <!-- JQC_AgeStore_Redeposit_Prepayment_Void_Prepayment_Return_Txn -->
</testsuite> <!-- Test -->
