<?xml version="1.0" encoding="UTF-8"?>
<!-- Generated by org.testng.reporters.JUnitXMLReporter -->
<testsuite hostname="QTLSYS0-224" ignored="21" name="Test" tests="7" failures="1" timestamp="23 Jan 2020 15:29:23 GMT" time="7612.587" errors="0">
  <testcase name="PaymentAndDraw" time="969.992" classname="tests.QCStore"/>
  <testcase name="PaymentdrawVoidEOD" time="918.951" classname="tests.QCStore"/>
  <testcase name="DepositEODTwice" time="1230.327" classname="tests.QCStore"/>
  <testcase name="Deposit_DrawEODTwice" time="840.841" classname="tests.QCStore">
    <failure type="org.openqa.selenium.NoSuchElementException" message="Unable to find element with name == CmdReturnPosting (WARNING: The server did not provide any stacktrace information)
Command duration or timeout: 0 milliseconds
For documentation on this error, please visit: http://seleniumhq.org/exceptions/no_such_element.html
Build info: version: &amp;apos;3.14.0&amp;apos;, revision: &amp;apos;aacccce0&amp;apos;, time: &amp;apos;2018-08-02T20:19:58.91Z&amp;apos;
System info: host: &amp;apos;QTLSYS0-224&amp;apos;, ip: &amp;apos;192.168.0.224&amp;apos;, os.name: &amp;apos;Windows 10&amp;apos;, os.arch: &amp;apos;amd64&amp;apos;, os.version: &amp;apos;10.0&amp;apos;, java.version: &amp;apos;1.8.0_181&amp;apos;
Driver info: org.openqa.selenium.ie.InternetExplorerDriver
Capabilities {browserAttachTimeout: 0, browserName: internet explorer, cssSelectorsEnabled: true, elementScrollBehavior: 0, enableElementCacheCleanup: true, enablePersistentHover: true, handlesAlerts: true, ie.browserCommandLineSwitches: , ie.ensureCleanSession: false, ie.forceCreateProcessApi: false, ie.usePerProcessProxy: false, ignoreProtectedModeSettings: false, ignoreZoomSetting: false, initialBrowserUrl: http://localhost:21567/, javascriptEnabled: true, nativeEvents: true, platform: WINDOWS, platformName: WINDOWS, requireWindowFocus: false, takesScreenshot: true, unexpectedAlertBehaviour: dismiss, unhandledPromptBehavior: dismiss, version: 11}
Session ID: 10e24106-a404-4f79-91b3-729e2217cbed
*** Element info: {Using=name, value=CmdReturnPosting}">
      <![CDATA[org.openqa.selenium.NoSuchElementException: Unable to find element with name == CmdReturnPosting (WARNING: The server did not provide any stacktrace information)
Command duration or timeout: 0 milliseconds
For documentation on this error, please visit: http://seleniumhq.org/exceptions/no_such_element.html
Build info: version: '3.14.0', revision: 'aacccce0', time: '2018-08-02T20:19:58.91Z'
System info: host: 'QTLSYS0-224', ip: '192.168.0.224', os.name: 'Windows 10', os.arch: 'amd64', os.version: '10.0', java.version: '1.8.0_181'
Driver info: org.openqa.selenium.ie.InternetExplorerDriver
Capabilities {browserAttachTimeout: 0, browserName: internet explorer, cssSelectorsEnabled: true, elementScrollBehavior: 0, enableElementCacheCleanup: true, enablePersistentHover: true, handlesAlerts: true, ie.browserCommandLineSwitches: , ie.ensureCleanSession: false, ie.forceCreateProcessApi: false, ie.usePerProcessProxy: false, ignoreProtectedModeSettings: false, ignoreZoomSetting: false, initialBrowserUrl: http://localhost:21567/, javascriptEnabled: true, nativeEvents: true, platform: WINDOWS, platformName: WINDOWS, requireWindowFocus: false, takesScreenshot: true, unexpectedAlertBehaviour: dismiss, unhandledPromptBehavior: dismiss, version: 11}
Session ID: 10e24106-a404-4f79-91b3-729e2217cbed
*** Element info: {Using=name, value=CmdReturnPosting}
at org.openqa.selenium.remote.ErrorHandler.createThrowable(ErrorHandler.java:214)
at org.openqa.selenium.remote.ErrorHandler.throwIfResponseFailed(ErrorHandler.java:166)
at org.openqa.selenium.remote.http.JsonHttpResponseCodec.reconstructValue(JsonHttpResponseCodec.java:40)
at org.openqa.selenium.remote.http.AbstractHttpResponseCodec.decode(AbstractHttpResponseCodec.java:80)
at org.openqa.selenium.remote.http.AbstractHttpResponseCodec.decode(AbstractHttpResponseCodec.java:44)
at org.openqa.selenium.remote.HttpCommandExecutor.execute(HttpCommandExecutor.java:158)
at org.openqa.selenium.remote.service.DriverCommandExecutor.execute(DriverCommandExecutor.java:83)
at org.openqa.selenium.remote.RemoteWebDriver.execute(RemoteWebDriver.java:548)
at org.openqa.selenium.remote.RemoteWebDriver.findElement(RemoteWebDriver.java:322)
at org.openqa.selenium.remote.RemoteWebDriver.findElementByName(RemoteWebDriver.java:400)
at org.openqa.selenium.By$ByName.findElement(By.java:284)
at org.openqa.selenium.remote.RemoteWebDriver.findElement(RemoteWebDriver.java:314)
at tests.AQCCSRReturnPosting.returnposting(AQCCSRReturnPosting.java:163)
at tests.QCStore.Deposit_DrawEODTwice(QCStore.java:441)
... Removed 28 stack frames]]>
    </failure>
  </testcase> <!-- Deposit_DrawEODTwice -->
  <testcase name="Clear_Return_EODTwice" time="1612.354" classname="tests.QCStore"/>
  <testcase name="SignatureNewLoan_EODTwice" time="1190.85" classname="tests.QCStore"/>
  <testcase name="DepositEODReDeposit" time="833.638" classname="tests.QCStore"/>
  <testcase name="AReviseCredit_IncIncome" time="0.0" classname="tests.QCStore">
    <ignored/>
  </testcase> <!-- AReviseCredit_IncIncome -->
  <testcase name="NewLoanBiweeklyPaymentDuedate" time="0.0" classname="tests.QCStore">
    <ignored/>
  </testcase> <!-- NewLoanBiweeklyPaymentDuedate -->
  <testcase name="PayOFFandEod" time="0.0" classname="tests.QCStore">
    <ignored/>
  </testcase> <!-- PayOFFandEod -->
  <testcase name="LOC_maxloanCount" time="0.0" classname="tests.QCStore">
    <ignored/>
  </testcase> <!-- LOC_maxloanCount -->
  <testcase name="NewLoanWeekly" time="0.0" classname="tests.QCStore">
    <ignored/>
  </testcase> <!-- NewLoanWeekly -->
  <testcase name="NewLoanMonthly_Duedatevalidation" time="0.0" classname="tests.QCStore">
    <ignored/>
  </testcase> <!-- NewLoanMonthly_Duedatevalidation -->
  <testcase name="NewLoanBiweekly" time="0.0" classname="tests.QCStore">
    <ignored/>
  </testcase> <!-- NewLoanBiweekly -->
  <testcase name="NewLoanSemiMonthly_Duedatevalidation" time="0.0" classname="tests.QCStore">
    <ignored/>
  </testcase> <!-- NewLoanSemiMonthly_Duedatevalidation -->
  <testcase name="PaymentDepositEODReDeposit" time="0.0" classname="tests.QCStore">
    <ignored/>
  </testcase> <!-- PaymentDepositEODReDeposit -->
  <testcase name="NewLoanWeekly_Duedatevalidation" time="0.0" classname="tests.QCStore">
    <ignored/>
  </testcase> <!-- NewLoanWeekly_Duedatevalidation -->
  <testcase name="AReviseCredit_PayofffIncreaseIncome" time="0.0" classname="tests.QCStore">
    <ignored/>
  </testcase> <!-- AReviseCredit_PayofffIncreaseIncome -->
  <testcase name="HigherPaymentAndEod" time="0.0" classname="tests.QCStore">
    <ignored/>
  </testcase> <!-- HigherPaymentAndEod -->
  <testcase name="NewLoanMonthly" time="0.0" classname="tests.QCStore">
    <ignored/>
  </testcase> <!-- NewLoanMonthly -->
  <testcase name="VoidandEod" time="0.0" classname="tests.QCStore">
    <ignored/>
  </testcase> <!-- VoidandEod -->
  <testcase name="MinLocAmounts" time="0.0" classname="tests.QCStore">
    <ignored/>
  </testcase> <!-- MinLocAmounts -->
  <testcase name="PaymentAndEod" time="0.0" classname="tests.QCStore">
    <ignored/>
  </testcase> <!-- PaymentAndEod -->
  <testcase name="NewLoanSemiMonthly" time="0.0" classname="tests.QCStore">
    <ignored/>
  </testcase> <!-- NewLoanSemiMonthly -->
  <testcase name="EODOnDueDate" time="0.0" classname="tests.QCStore">
    <ignored/>
  </testcase> <!-- EODOnDueDate -->
  <testcase name="DepositAndEOD" time="0.0" classname="tests.QCStore">
    <ignored/>
  </testcase> <!-- DepositAndEOD -->
  <testcase name="MaxLocAmounts" time="0.0" classname="tests.QCStore">
    <ignored/>
  </testcase> <!-- MaxLocAmounts -->
  <testcase name="DrawAndEOD" time="0.0" classname="tests.QCStore">
    <ignored/>
  </testcase> <!-- DrawAndEOD -->
</testsuite> <!-- Test -->
